{
  "RSpec": {
    "coverage": {
      "/home/jpersons24/tic-tac-toe-rb-ruby-apply-000/lib/tic_tac_toe.rb": [
        null,
        null,
        1,
        null,
        null,
        null,
        null,
        null,
        null,
        null,
        null,
        null,
        null,
        1,
        3,
        3,
        3,
        3,
        3,
        null,
        null,
        null,
        1,
        6,
        6,
        6,
        null,
        null,
        null,
        1,
        4,
        4,
        null,
        null,
        null,
        1,
        8,
        null,
        null,
        null,
        1,
        7,
        3,
        null,
        4,
        null,
        null,
        null,
        null,
        1,
        3,
        3,
        27,
        5,
        null,
        null,
        3,
        null,
        null,
        null,
        1,
        2,
        2,
        null,
        0,
        null,
        null,
        null,
        1,
        2,
        2,
        2,
        2,
        1,
        1,
        null,
        0,
        1,
        1,
        1,
        null,
        null,
        null,
        null,
        null,
        1,
        2513,
        2512,
        2512,
        2512,
        null,
        2512,
        2512,
        2512,
        null,
        2512,
        0,
        2512,
        0,
        2512,
        0,
        null,
        null,
        0,
        null,
        null,
        null,
        1,
        0,
        null,
        null,
        null,
        1,
        2512,
        0,
        null,
        0,
        null,
        null,
        null,
        null,
        1,
        0,
        0,
        null,
        0,
        null,
        null,
        null,
        null,
        1,
        0,
        0,
        0,
        null,
        0,
        0,
        0,
        0,
        null,
        null,
        null,
        null,
        1,
        0,
        0,
        0,
        null,
        null,
        0,
        0,
        0,
        0,
        null,
        null
      ]
    },
    "timestamp": 1602602576
  }
}
